<?xml version="1.0" encoding="UTF-8"?>
<testsuite xmlns:xsi="http://www.w3.org/2001/XMLSchema-instance" xsi:noNamespaceSchemaLocation="https://maven.apache.org/surefire/maven-surefire-plugin/xsd/surefire-test-report.xsd" version="3.0.2" name="config.apigateway.ApiGatewayApplicationTests" time="3.447" tests="1" errors="0" skipped="0" failures="0">
  <properties>
[...]
</properties>
  <testcase name="contextLoads" classname="config.apigateway.ApiGatewayApplicationTests" time="0.479">
    <system-out><![CDATA[10:00:18.248 [main] INFO org.springframework.test.context.support.AnnotationConfigContextLoaderUtils -- Could not detect default configuration classes for test class [config.apigateway.ApiGatewayApplicationTests]: ApiGatewayApplicationTests does not declare any static, non-private, non-final, nested classes annotated with @Configuration.
10:00:18.330 [main] INFO org.springframework.boot.test.context.SpringBootTestContextBootstrapper -- Found @SpringBootConfiguration config.apigateway.ApiGatewayApplication for test class config.apigateway.ApiGatewayApplicationTests

  .   ____          _            __ _ _
 /\\ / ___'_ __ _ _(_)_ __  __ _ \ \ \ \
( ( )\___ | '_ | '_| | '_ \/ _` | \ \ \ \
 \\/  ___)| |_)| | | | | || (_| |  ) ) ) )
  '  |____| .__|_| |_|_| |_\__, | / / / /
 =========|_|==============|___/=/_/_/_/

 :: Spring Boot ::                (v3.4.2)

2025-02-13T10:00:18.832+01:00  INFO 14632 --- [ApiGateway] [           main] c.apigateway.ApiGatewayApplicationTests  : Starting ApiGatewayApplicationTests using Java 17.0.12 with PID 14632 (started by hedi2 in C:\Users\hedi2\Desktop\apps\Microservices\ApiGateway)
2025-02-13T10:00:18.832+01:00  INFO 14632 --- [ApiGateway] [           main] c.apigateway.ApiGatewayApplicationTests  : No active profile set, falling back to 1 default profile: "default"
2025-02-13T10:00:19.489+01:00  INFO 14632 --- [ApiGateway] [           main] o.s.cloud.context.scope.GenericScope     : BeanFactory id=09065f2e-9130-3a9c-b941-a0bcab11d69d
2025-02-13T10:00:20.313+01:00  INFO 14632 --- [ApiGateway] [           main] o.s.c.g.r.RouteDefinitionRouteLocator    : Loaded RoutePredicateFactory [After]
2025-02-13T10:00:20.313+01:00  INFO 14632 --- [ApiGateway] [           main] o.s.c.g.r.RouteDefinitionRouteLocator    : Loaded RoutePredicateFactory [Before]
2025-02-13T10:00:20.313+01:00  INFO 14632 --- [ApiGateway] [           main] o.s.c.g.r.RouteDefinitionRouteLocator    : Loaded RoutePredicateFactory [Between]
2025-02-13T10:00:20.313+01:00  INFO 14632 --- [ApiGateway] [           main] o.s.c.g.r.RouteDefinitionRouteLocator    : Loaded RoutePredicateFactory [Cookie]
2025-02-13T10:00:20.313+01:00  INFO 14632 --- [ApiGateway] [           main] o.s.c.g.r.RouteDefinitionRouteLocator    : Loaded RoutePredicateFactory [Header]
2025-02-13T10:00:20.313+01:00  INFO 14632 --- [ApiGateway] [           main] o.s.c.g.r.RouteDefinitionRouteLocator    : Loaded RoutePredicateFactory [Host]
2025-02-13T10:00:20.313+01:00  INFO 14632 --- [ApiGateway] [           main] o.s.c.g.r.RouteDefinitionRouteLocator    : Loaded RoutePredicateFactory [Method]
2025-02-13T10:00:20.314+01:00  INFO 14632 --- [ApiGateway] [           main] o.s.c.g.r.RouteDefinitionRouteLocator    : Loaded RoutePredicateFactory [Path]
2025-02-13T10:00:20.314+01:00  INFO 14632 --- [ApiGateway] [           main] o.s.c.g.r.RouteDefinitionRouteLocator    : Loaded RoutePredicateFactory [Query]
2025-02-13T10:00:20.314+01:00  INFO 14632 --- [ApiGateway] [           main] o.s.c.g.r.RouteDefinitionRouteLocator    : Loaded RoutePredicateFactory [ReadBody]
2025-02-13T10:00:20.314+01:00  INFO 14632 --- [ApiGateway] [           main] o.s.c.g.r.RouteDefinitionRouteLocator    : Loaded RoutePredicateFactory [RemoteAddr]
2025-02-13T10:00:20.314+01:00  INFO 14632 --- [ApiGateway] [           main] o.s.c.g.r.RouteDefinitionRouteLocator    : Loaded RoutePredicateFactory [XForwardedRemoteAddr]
2025-02-13T10:00:20.314+01:00  INFO 14632 --- [ApiGateway] [           main] o.s.c.g.r.RouteDefinitionRouteLocator    : Loaded RoutePredicateFactory [Weight]
2025-02-13T10:00:20.314+01:00  INFO 14632 --- [ApiGateway] [           main] o.s.c.g.r.RouteDefinitionRouteLocator    : Loaded RoutePredicateFactory [CloudFoundryRouteService]
2025-02-13T10:00:20.640+01:00  INFO 14632 --- [ApiGateway] [           main] DiscoveryClientOptionalArgsConfiguration : Eureka HTTP Client uses RestTemplate.
2025-02-13T10:00:20.744+01:00  WARN 14632 --- [ApiGateway] [           main] iguration$LoadBalancerCaffeineWarnLogger : Spring Cloud LoadBalancer is currently working with the default cache. While this cache implementation is useful for development and tests, it's recommended to use Caffeine cache in production.You can switch to using Caffeine cache, by adding it and org.springframework.cache.caffeine.CaffeineCacheManager to the classpath.
2025-02-13T10:00:20.780+01:00  INFO 14632 --- [ApiGateway] [           main] o.s.c.n.eureka.InstanceInfoFactory       : Setting initial instance status as: STARTING
2025-02-13T10:00:20.794+01:00  INFO 14632 --- [ApiGateway] [           main] com.netflix.discovery.DiscoveryClient    : Initializing Eureka in region us-east-1
2025-02-13T10:00:20.797+01:00  INFO 14632 --- [ApiGateway] [           main] c.n.d.s.r.aws.ConfigClusterResolver      : Resolving eureka endpoints via configuration
2025-02-13T10:00:20.805+01:00  INFO 14632 --- [ApiGateway] [           main] com.netflix.discovery.DiscoveryClient    : Disable delta property : false
2025-02-13T10:00:20.805+01:00  INFO 14632 --- [ApiGateway] [           main] com.netflix.discovery.DiscoveryClient    : Single vip registry refresh property : null
2025-02-13T10:00:20.805+01:00  INFO 14632 --- [ApiGateway] [           main] com.netflix.discovery.DiscoveryClient    : Force full registry fetch : false
2025-02-13T10:00:20.805+01:00  INFO 14632 --- [ApiGateway] [           main] com.netflix.discovery.DiscoveryClient    : Application is null : false
2025-02-13T10:00:20.806+01:00  INFO 14632 --- [ApiGateway] [           main] com.netflix.discovery.DiscoveryClient    : Registered Applications size is zero : true
2025-02-13T10:00:20.806+01:00  INFO 14632 --- [ApiGateway] [           main] com.netflix.discovery.DiscoveryClient    : Application version is -1: true
2025-02-13T10:00:20.806+01:00  INFO 14632 --- [ApiGateway] [           main] com.netflix.discovery.DiscoveryClient    : Getting all instance registry info from the eureka server
2025-02-13T10:00:21.053+01:00  INFO 14632 --- [ApiGateway] [           main] com.netflix.discovery.DiscoveryClient    : The response status is 200
2025-02-13T10:00:21.054+01:00  INFO 14632 --- [ApiGateway] [           main] com.netflix.discovery.DiscoveryClient    : Starting heartbeat executor: renew interval is: 30
2025-02-13T10:00:21.055+01:00  INFO 14632 --- [ApiGateway] [           main] c.n.discovery.InstanceInfoReplicator     : InstanceInfoReplicator onDemand update allowed rate per min is 4
2025-02-13T10:00:21.056+01:00  INFO 14632 --- [ApiGateway] [           main] com.netflix.discovery.DiscoveryClient    : Discovery Client initialized at timestamp 1739437221055 with initial instances count: 3
2025-02-13T10:00:21.058+01:00  INFO 14632 --- [ApiGateway] [           main] o.s.c.n.e.s.EurekaServiceRegistry        : Registering application APIGATEWAY with eureka with status UP
2025-02-13T10:00:21.058+01:00  INFO 14632 --- [ApiGateway] [           main] com.netflix.discovery.DiscoveryClient    : Saw local status change event StatusChangeEvent [timestamp=1739437221058, current=UP, previous=STARTING]
2025-02-13T10:00:21.061+01:00  INFO 14632 --- [ApiGateway] [foReplicator-%d] com.netflix.discovery.DiscoveryClient    : DiscoveryClient_APIGATEWAY/Hedi:ApiGateway:8069: registering service...
2025-02-13T10:00:21.089+01:00  INFO 14632 --- [ApiGateway] [           main] c.apigateway.ApiGatewayApplicationTests  : Started ApiGatewayApplicationTests in 2.556 seconds (process running for 3.351)
2025-02-13T10:00:21.090+01:00  INFO 14632 --- [ApiGateway] [foReplicator-%d] com.netflix.discovery.DiscoveryClient    : DiscoveryClient_APIGATEWAY/Hedi:ApiGateway:8069 - registration status: 204
]]></system-out>
  </testcase>
</testsuite>