<?xml version="1.0" encoding="UTF-8"?>
<testsuite xmlns:xsi="http://www.w3.org/2001/XMLSchema-instance" xsi:noNamespaceSchemaLocation="https://maven.apache.org/surefire/maven-surefire-plugin/xsd/surefire-test-report-3.0.xsd" version="3.0" name="sae6.candidat.CandidatApplicationTests" time="7.132" tests="1" errors="0" skipped="0" failures="0">
  <properties>
[...]
</properties>
  <testcase name="contextLoads" classname="sae6.candidat.CandidatApplicationTests" time="0.312">
    <system-out><![CDATA[11:22:33.529 [main] INFO org.springframework.test.context.support.AnnotationConfigContextLoaderUtils -- Could not detect default configuration classes for test class [sae6.candidat.CandidatApplicationTests]: CandidatApplicationTests does not declare any static, non-private, non-final, nested classes annotated with @Configuration.
11:22:33.598 [main] INFO org.springframework.boot.test.context.SpringBootTestContextBootstrapper -- Found @SpringBootConfiguration sae6.candidat.CandidatApplication for test class sae6.candidat.CandidatApplicationTests

  .   ____          _            __ _ _
 /\\ / ___'_ __ _ _(_)_ __  __ _ \ \ \ \
( ( )\___ | '_ | '_| | '_ \/ _` | \ \ \ \
 \\/  ___)| |_)| | | | | || (_| |  ) ) ) )
  '  |____| .__|_| |_|_| |_\__, | / / / /
 =========|_|==============|___/=/_/_/_/
 :: Spring Boot ::                (v3.2.2)

2025-02-20T11:22:33.982+01:00  INFO 20016 --- [Candidat] [           main] sae6.candidat.CandidatApplicationTests   : Starting CandidatApplicationTests using Java 17.0.12 with PID 20016 (started by hedi2 in C:\Users\hedi2\Desktop\apps\Microservices\candidat)
2025-02-20T11:22:33.983+01:00  INFO 20016 --- [Candidat] [           main] sae6.candidat.CandidatApplicationTests   : No active profile set, falling back to 1 default profile: "default"
2025-02-20T11:22:34.867+01:00  INFO 20016 --- [Candidat] [           main] .s.d.r.c.RepositoryConfigurationDelegate : Bootstrapping Spring Data JPA repositories in DEFAULT mode.
2025-02-20T11:22:34.961+01:00  INFO 20016 --- [Candidat] [           main] .s.d.r.c.RepositoryConfigurationDelegate : Finished Spring Data repository scanning in 86 ms. Found 1 JPA repository interface.
2025-02-20T11:22:35.225+01:00  INFO 20016 --- [Candidat] [           main] o.s.cloud.context.scope.GenericScope     : BeanFactory id=7738c489-bde8-316a-a329-65db395b9eb7
2025-02-20T11:22:35.536+01:00  WARN 20016 --- [Candidat] [           main] trationDelegate$BeanPostProcessorChecker : Bean 'org.springframework.cloud.client.loadbalancer.LoadBalancerAutoConfiguration$LoadBalancerInterceptorConfig' of type [org.springframework.cloud.client.loadbalancer.LoadBalancerAutoConfiguration$LoadBalancerInterceptorConfig] is not eligible for getting processed by all BeanPostProcessors (for example: not eligible for auto-proxying). The currently created BeanPostProcessor [lbRestClientPostProcessor] is declared through a non-static factory method on that class; consider declaring it as static instead.
2025-02-20T11:22:35.539+01:00  WARN 20016 --- [Candidat] [           main] trationDelegate$BeanPostProcessorChecker : Bean 'org.springframework.cloud.loadbalancer.config.BlockingLoadBalancerClientAutoConfiguration' of type [org.springframework.cloud.loadbalancer.config.BlockingLoadBalancerClientAutoConfiguration] is not eligible for getting processed by all BeanPostProcessors (for example: not eligible for auto-proxying). Is this bean getting eagerly injected into a currently created BeanPostProcessor [lbRestClientPostProcessor]? Check the corresponding BeanPostProcessor declaration and its dependencies.
2025-02-20T11:22:35.541+01:00  WARN 20016 --- [Candidat] [           main] trationDelegate$BeanPostProcessorChecker : Bean 'org.springframework.cloud.loadbalancer.config.LoadBalancerAutoConfiguration' of type [org.springframework.cloud.loadbalancer.config.LoadBalancerAutoConfiguration] is not eligible for getting processed by all BeanPostProcessors (for example: not eligible for auto-proxying). Is this bean getting eagerly injected into a currently created BeanPostProcessor [lbRestClientPostProcessor]? Check the corresponding BeanPostProcessor declaration and its dependencies.
2025-02-20T11:22:35.550+01:00  WARN 20016 --- [Candidat] [           main] trationDelegate$BeanPostProcessorChecker : Bean 'org.springframework.cloud.commons.config.CommonsConfigAutoConfiguration' of type [org.springframework.cloud.commons.config.CommonsConfigAutoConfiguration] is not eligible for getting processed by all BeanPostProcessors (for example: not eligible for auto-proxying). Is this bean getting eagerly injected into a currently created BeanPostProcessor [lbRestClientPostProcessor]? Check the corresponding BeanPostProcessor declaration and its dependencies.
2025-02-20T11:22:35.552+01:00  WARN 20016 --- [Candidat] [           main] trationDelegate$BeanPostProcessorChecker : Bean 'org.springframework.cloud.client.loadbalancer.LoadBalancerDefaultMappingsProviderAutoConfiguration' of type [org.springframework.cloud.client.loadbalancer.LoadBalancerDefaultMappingsProviderAutoConfiguration] is not eligible for getting processed by all BeanPostProcessors (for example: not eligible for auto-proxying). Is this bean getting eagerly injected into a currently created BeanPostProcessor [lbRestClientPostProcessor]? Check the corresponding BeanPostProcessor declaration and its dependencies.
2025-02-20T11:22:35.554+01:00  WARN 20016 --- [Candidat] [           main] trationDelegate$BeanPostProcessorChecker : Bean 'loadBalancerClientsDefaultsMappingsProvider' of type [org.springframework.cloud.client.loadbalancer.LoadBalancerDefaultMappingsProviderAutoConfiguration$$Lambda$958/0x00000281504b60e0] is not eligible for getting processed by all BeanPostProcessors (for example: not eligible for auto-proxying). Is this bean getting eagerly injected into a currently created BeanPostProcessor [lbRestClientPostProcessor]? Check the corresponding BeanPostProcessor declaration and its dependencies.
2025-02-20T11:22:35.556+01:00  WARN 20016 --- [Candidat] [           main] trationDelegate$BeanPostProcessorChecker : Bean 'defaultsBindHandlerAdvisor' of type [org.springframework.cloud.commons.config.DefaultsBindHandlerAdvisor] is not eligible for getting processed by all BeanPostProcessors (for example: not eligible for auto-proxying). Is this bean getting eagerly injected into a currently created BeanPostProcessor [lbRestClientPostProcessor]? Check the corresponding BeanPostProcessor declaration and its dependencies.
2025-02-20T11:22:35.563+01:00  WARN 20016 --- [Candidat] [           main] trationDelegate$BeanPostProcessorChecker : Bean 'spring.cloud.loadbalancer-org.springframework.cloud.client.loadbalancer.LoadBalancerClientsProperties' of type [org.springframework.cloud.client.loadbalancer.LoadBalancerClientsProperties] is not eligible for getting processed by all BeanPostProcessors (for example: not eligible for auto-proxying). Is this bean getting eagerly injected into a currently created BeanPostProcessor [lbRestClientPostProcessor]? Check the corresponding BeanPostProcessor declaration and its dependencies.
2025-02-20T11:22:35.569+01:00  WARN 20016 --- [Candidat] [           main] trationDelegate$BeanPostProcessorChecker : Bean 'default.org.springframework.cloud.loadbalancer.config.LoadBalancerAutoConfiguration.LoadBalancerClientSpecification' of type [org.springframework.cloud.loadbalancer.annotation.LoadBalancerClientSpecification] is not eligible for getting processed by all BeanPostProcessors (for example: not eligible for auto-proxying). Is this bean getting eagerly injected into a currently created BeanPostProcessor [lbRestClientPostProcessor]? Check the corresponding BeanPostProcessor declaration and its dependencies.
2025-02-20T11:22:35.570+01:00  WARN 20016 --- [Candidat] [           main] trationDelegate$BeanPostProcessorChecker : Bean 'default.org.springframework.cloud.loadbalancer.config.BlockingLoadBalancerClientAutoConfiguration.LoadBalancerClientSpecification' of type [org.springframework.cloud.loadbalancer.annotation.LoadBalancerClientSpecification] is not eligible for getting processed by all BeanPostProcessors (for example: not eligible for auto-proxying). Is this bean getting eagerly injected into a currently created BeanPostProcessor [lbRestClientPostProcessor]? Check the corresponding BeanPostProcessor declaration and its dependencies.
2025-02-20T11:22:35.571+01:00  WARN 20016 --- [Candidat] [           main] trationDelegate$BeanPostProcessorChecker : Bean 'default.org.springframework.cloud.netflix.eureka.loadbalancer.LoadBalancerEurekaAutoConfiguration.LoadBalancerClientSpecification' of type [org.springframework.cloud.loadbalancer.annotation.LoadBalancerClientSpecification] is not eligible for getting processed by all BeanPostProcessors (for example: not eligible for auto-proxying). Is this bean getting eagerly injected into a currently created BeanPostProcessor [lbRestClientPostProcessor]? Check the corresponding BeanPostProcessor declaration and its dependencies.
2025-02-20T11:22:35.572+01:00  WARN 20016 --- [Candidat] [           main] trationDelegate$BeanPostProcessorChecker : Bean 'loadBalancerClientFactory' of type [org.springframework.cloud.loadbalancer.support.LoadBalancerClientFactory] is not eligible for getting processed by all BeanPostProcessors (for example: not eligible for auto-proxying). Is this bean getting eagerly injected into a currently created BeanPostProcessor [lbRestClientPostProcessor]? Check the corresponding BeanPostProcessor declaration and its dependencies.
2025-02-20T11:22:35.579+01:00  WARN 20016 --- [Candidat] [           main] trationDelegate$BeanPostProcessorChecker : Bean 'blockingLoadBalancerClient' of type [org.springframework.cloud.loadbalancer.blocking.client.BlockingLoadBalancerClient] is not eligible for getting processed by all BeanPostProcessors (for example: not eligible for auto-proxying). Is this bean getting eagerly injected into a currently created BeanPostProcessor [lbRestClientPostProcessor]? Check the corresponding BeanPostProcessor declaration and its dependencies.
2025-02-20T11:22:35.586+01:00  WARN 20016 --- [Candidat] [           main] trationDelegate$BeanPostProcessorChecker : Bean 'loadBalancerServiceInstanceCookieTransformer' of type [org.springframework.cloud.loadbalancer.core.LoadBalancerServiceInstanceCookieTransformer] is not eligible for getting processed by all BeanPostProcessors (for example: not eligible for auto-proxying). Is this bean getting eagerly injected into a currently created BeanPostProcessor [lbRestClientPostProcessor]? Check the corresponding BeanPostProcessor declaration and its dependencies.
2025-02-20T11:22:35.587+01:00  WARN 20016 --- [Candidat] [           main] trationDelegate$BeanPostProcessorChecker : Bean 'xForwarderHeadersTransformer' of type [org.springframework.cloud.loadbalancer.blocking.XForwardedHeadersTransformer] is not eligible for getting processed by all BeanPostProcessors (for example: not eligible for auto-proxying). Is this bean getting eagerly injected into a currently created BeanPostProcessor [lbRestClientPostProcessor]? Check the corresponding BeanPostProcessor declaration and its dependencies.
2025-02-20T11:22:35.589+01:00  WARN 20016 --- [Candidat] [           main] trationDelegate$BeanPostProcessorChecker : Bean 'org.springframework.cloud.client.loadbalancer.LoadBalancerAutoConfiguration' of type [org.springframework.cloud.client.loadbalancer.LoadBalancerAutoConfiguration] is not eligible for getting processed by all BeanPostProcessors (for example: not eligible for auto-proxying). Is this bean getting eagerly injected into a currently created BeanPostProcessor [lbRestClientPostProcessor]? Check the corresponding BeanPostProcessor declaration and its dependencies.
2025-02-20T11:22:35.591+01:00  WARN 20016 --- [Candidat] [           main] trationDelegate$BeanPostProcessorChecker : Bean 'loadBalancerRequestFactory' of type [org.springframework.cloud.client.loadbalancer.LoadBalancerRequestFactory] is not eligible for getting processed by all BeanPostProcessors (for example: not eligible for auto-proxying). Is this bean getting eagerly injected into a currently created BeanPostProcessor [lbRestClientPostProcessor]? Check the corresponding BeanPostProcessor declaration and its dependencies.
2025-02-20T11:22:35.593+01:00  WARN 20016 --- [Candidat] [           main] trationDelegate$BeanPostProcessorChecker : Bean 'loadBalancerInterceptor' of type [org.springframework.cloud.client.loadbalancer.LoadBalancerInterceptor] is not eligible for getting processed by all BeanPostProcessors (for example: not eligible for auto-proxying). Is this bean getting eagerly injected into a currently created BeanPostProcessor [lbRestClientPostProcessor]? Check the corresponding BeanPostProcessor declaration and its dependencies.
2025-02-20T11:22:35.769+01:00  INFO 20016 --- [Candidat] [           main] o.hibernate.jpa.internal.util.LogHelper  : HHH000204: Processing PersistenceUnitInfo [name: default]
2025-02-20T11:22:35.905+01:00  INFO 20016 --- [Candidat] [           main] org.hibernate.Version                    : HHH000412: Hibernate ORM core version 6.4.1.Final
2025-02-20T11:22:35.951+01:00  INFO 20016 --- [Candidat] [           main] o.h.c.internal.RegionFactoryInitiator    : HHH000026: Second-level cache disabled
2025-02-20T11:22:36.130+01:00  INFO 20016 --- [Candidat] [           main] o.s.o.j.p.SpringPersistenceUnitInfo      : No LoadTimeWeaver setup: ignoring JPA class transformer
2025-02-20T11:22:36.146+01:00  INFO 20016 --- [Candidat] [           main] com.zaxxer.hikari.HikariDataSource       : HikariPool-1 - Starting...
2025-02-20T11:22:36.346+01:00  INFO 20016 --- [Candidat] [           main] com.zaxxer.hikari.pool.HikariPool        : HikariPool-1 - Added connection conn1: url=jdbc:h2:file:./Candidat/Database/Data/Candidats user=ROOT
2025-02-20T11:22:36.347+01:00  INFO 20016 --- [Candidat] [           main] com.zaxxer.hikari.HikariDataSource       : HikariPool-1 - Start completed.
2025-02-20T11:22:36.361+01:00  WARN 20016 --- [Candidat] [           main] org.hibernate.orm.deprecation            : HHH90000025: H2Dialect does not need to be specified explicitly using 'hibernate.dialect' (remove the property setting and it will be selected by default)
2025-02-20T11:22:36.902+01:00  INFO 20016 --- [Candidat] [           main] o.h.e.t.j.p.i.JtaPlatformInitiator       : HHH000489: No JTA platform available (set 'hibernate.transaction.jta.platform' to enable JTA platform integration)
2025-02-20T11:22:36.931+01:00  INFO 20016 --- [Candidat] [           main] j.LocalContainerEntityManagerFactoryBean : Initialized JPA EntityManagerFactory for persistence unit 'default'
2025-02-20T11:22:37.400+01:00  INFO 20016 --- [Candidat] [           main] o.s.d.j.r.query.QueryEnhancerFactory     : Hibernate is in classpath; If applicable, HQL parser will be used.
2025-02-20T11:22:38.178+01:00  WARN 20016 --- [Candidat] [           main] JpaBaseConfiguration$JpaWebConfiguration : spring.jpa.open-in-view is enabled by default. Therefore, database queries may be performed during view rendering. Explicitly configure spring.jpa.open-in-view to disable this warning
2025-02-20T11:22:39.665+01:00  INFO 20016 --- [Candidat] [           main] o.s.b.a.h2.H2ConsoleAutoConfiguration    : H2 console available at '/h2'. Database available at 'jdbc:h2:file:./Candidat/Database/Data/Candidats'
2025-02-20T11:22:39.790+01:00  INFO 20016 --- [Candidat] [           main] DiscoveryClientOptionalArgsConfiguration : Eureka HTTP Client uses RestTemplate.
2025-02-20T11:22:39.823+01:00  WARN 20016 --- [Candidat] [           main] iguration$LoadBalancerCaffeineWarnLogger : Spring Cloud LoadBalancer is currently working with the default cache. While this cache implementation is useful for development and tests, it's recommended to use Caffeine cache in production.You can switch to using Caffeine cache, by adding it and org.springframework.cache.caffeine.CaffeineCacheManager to the classpath.
2025-02-20T11:22:39.831+01:00  INFO 20016 --- [Candidat] [           main] o.s.b.a.e.web.EndpointLinksResolver      : Exposing 1 endpoint(s) beneath base path '/actuator'
2025-02-20T11:22:39.889+01:00  INFO 20016 --- [Candidat] [           main] o.s.c.n.eureka.InstanceInfoFactory       : Setting initial instance status as: STARTING
2025-02-20T11:22:39.940+01:00  INFO 20016 --- [Candidat] [           main] com.netflix.discovery.DiscoveryClient    : Initializing Eureka in region us-east-1
2025-02-20T11:22:39.944+01:00  INFO 20016 --- [Candidat] [           main] c.n.d.s.r.aws.ConfigClusterResolver      : Resolving eureka endpoints via configuration
2025-02-20T11:22:39.967+01:00  INFO 20016 --- [Candidat] [           main] com.netflix.discovery.DiscoveryClient    : Disable delta property : false
2025-02-20T11:22:39.968+01:00  INFO 20016 --- [Candidat] [           main] com.netflix.discovery.DiscoveryClient    : Single vip registry refresh property : null
2025-02-20T11:22:39.968+01:00  INFO 20016 --- [Candidat] [           main] com.netflix.discovery.DiscoveryClient    : Force full registry fetch : false
2025-02-20T11:22:39.968+01:00  INFO 20016 --- [Candidat] [           main] com.netflix.discovery.DiscoveryClient    : Application is null : false
2025-02-20T11:22:39.968+01:00  INFO 20016 --- [Candidat] [           main] com.netflix.discovery.DiscoveryClient    : Registered Applications size is zero : true
2025-02-20T11:22:39.968+01:00  INFO 20016 --- [Candidat] [           main] com.netflix.discovery.DiscoveryClient    : Application version is -1: true
2025-02-20T11:22:39.968+01:00  INFO 20016 --- [Candidat] [           main] com.netflix.discovery.DiscoveryClient    : Getting all instance registry info from the eureka server
2025-02-20T11:22:40.191+01:00  INFO 20016 --- [Candidat] [           main] com.netflix.discovery.DiscoveryClient    : The response status is 200
2025-02-20T11:22:40.193+01:00  INFO 20016 --- [Candidat] [           main] com.netflix.discovery.DiscoveryClient    : Starting heartbeat executor: renew interval is: 30
2025-02-20T11:22:40.195+01:00  INFO 20016 --- [Candidat] [           main] c.n.discovery.InstanceInfoReplicator     : InstanceInfoReplicator onDemand update allowed rate per min is 4
2025-02-20T11:22:40.198+01:00  INFO 20016 --- [Candidat] [           main] com.netflix.discovery.DiscoveryClient    : Discovery Client initialized at timestamp 1740046960197 with initial instances count: 1
2025-02-20T11:22:40.201+01:00  INFO 20016 --- [Candidat] [           main] o.s.c.n.e.s.EurekaServiceRegistry        : Registering application CANDIDAT with eureka with status UP
2025-02-20T11:22:40.201+01:00  INFO 20016 --- [Candidat] [           main] com.netflix.discovery.DiscoveryClient    : Saw local status change event StatusChangeEvent [timestamp=1740046960201, current=UP, previous=STARTING]
2025-02-20T11:22:40.202+01:00  INFO 20016 --- [Candidat] [nfoReplicator-0] com.netflix.discovery.DiscoveryClient    : DiscoveryClient_CANDIDAT/Hedi:Candidat:8080: registering service...
2025-02-20T11:22:40.217+01:00  INFO 20016 --- [Candidat] [           main] sae6.candidat.CandidatApplicationTests   : Started CandidatApplicationTests in 6.513 seconds (process running for 7.167)
2025-02-20T11:22:40.237+01:00  INFO 20016 --- [Candidat] [nfoReplicator-0] com.netflix.discovery.DiscoveryClient    : DiscoveryClient_CANDIDAT/Hedi:Candidat:8080 - registration status: 204
]]></system-out>
  </testcase>
</testsuite>